<?xml version="1.0" encoding="UTF-8"?>
<!-- Generated by org.testng.reporters.JUnitReportReporter -->
<testsuite hostname="DESKTOP-2D3BIIR" failures="0" tests="7" name="KeywordPractice.InvocationCount" time="0.015" errors="0" timestamp="2022-05-08T15:52:39 IST" skipped="0">
  <testcase classname="KeywordPractice.InvocationCount" name="openhomepage" time="0.006"/>
  <system-out/>
  <testcase classname="KeywordPractice.InvocationCount" name="openvideopage" time="0.001"/>
  <system-out/>
  <testcase classname="KeywordPractice.InvocationCount" name="openvideopage" time="0.000"/>
  <system-out/>
  <testcase classname="KeywordPractice.InvocationCount" name="openvideopage" time="0.001"/>
  <system-out/>
  <testcase classname="KeywordPractice.InvocationCount" name="openvideopage" time="0.002"/>
  <system-out/>
  <testcase classname="KeywordPractice.InvocationCount" name="openvideopage" time="0.002"/>
  <system-out/>
  <testcase classname="KeywordPractice.InvocationCount" name="opennotificationpage" time="0.003"/>
  <system-out/>
</testsuite> <!-- KeywordPractice.InvocationCount -->
