<?xml version="1.0" encoding="UTF-8"?>
<!-- Generated by org.testng.reporters.JUnitReportReporter -->
<testsuite hostname="DESKTOP-2D3BIIR" failures="0" tests="2" name="GroupingPractice.Testcase3" time="0.003" errors="0" timestamp="2022-05-19T13:34:21 IST" skipped="0">
  <testcase classname="GroupingPractice.Testcase3" name="test9" time="0.001"/>
  <system-out/>
  <testcase classname="GroupingPractice.Testcase3" name="test7" time="0.002"/>
  <system-out/>
</testsuite> <!-- GroupingPractice.Testcase3 -->
