<?xml version="1.0" encoding="UTF-8"?>
<!-- Generated by org.testng.reporters.JUnitReportReporter -->
<testsuite hostname="DESKTOP-2D3BIIR" failures="0" tests="7" name="KeywordPractice.TimeOutExample" time="2.536" errors="0" timestamp="2022-05-08T16:28:49 IST" skipped="0">
  <testcase classname="KeywordPractice.TimeOutExample" name="openhomepage" time="2.526"/>
  <system-out/>
  <testcase classname="KeywordPractice.TimeOutExample" name="openvideopage" time="0.002"/>
  <system-out/>
  <testcase classname="KeywordPractice.TimeOutExample" name="openvideopage" time="0.001"/>
  <system-out/>
  <testcase classname="KeywordPractice.TimeOutExample" name="openvideopage" time="0.002"/>
  <system-out/>
  <testcase classname="KeywordPractice.TimeOutExample" name="openvideopage" time="0.001"/>
  <system-out/>
  <testcase classname="KeywordPractice.TimeOutExample" name="openvideopage" time="0.003"/>
  <system-out/>
  <testcase classname="KeywordPractice.TimeOutExample" name="opennotificationpage" time="0.001"/>
  <system-out/>
</testsuite> <!-- KeywordPractice.TimeOutExample -->
