<?xml version="1.0" encoding="UTF-8"?>
<!-- Generated by org.testng.reporters.JUnitReportReporter -->
<testsuite hostname="DESKTOP-2D3BIIR" failures="0" tests="3" name="TestNGBasics.IntroductionToTestNG" time="0.010" errors="0" timestamp="2022-05-02T13:37:42 IST" skipped="0">
  <testcase classname="TestNGBasics.IntroductionToTestNG" name="openurl" time="0.001"/>
  <system-out/>
  <testcase classname="TestNGBasics.IntroductionToTestNG" name="login" time="0.008"/>
  <system-out/>
  <testcase classname="TestNGBasics.IntroductionToTestNG" name="logout" time="0.001"/>
  <system-out/>
</testsuite> <!-- TestNGBasics.IntroductionToTestNG -->
