<?xml version="1.0" encoding="UTF-8"?>
<!-- Generated by org.testng.reporters.JUnitReportReporter -->
<testsuite hostname="DESKTOP-2D3BIIR" failures="0" tests="2" name="AnnotationBasics.Class2" time="0.001" errors="0" timestamp="2022-05-04T15:22:57 IST" skipped="0">
  <testcase classname="AnnotationBasics.Class2" name="m4" time="0.000"/>
  <system-out/>
  <testcase classname="AnnotationBasics.Class2" name="m3" time="0.001"/>
  <system-out/>
</testsuite> <!-- AnnotationBasics.Class2 -->
