<?xml version="1.0" encoding="UTF-8"?>
<!-- Generated by org.testng.reporters.JUnitReportReporter -->
<testsuite hostname="DESKTOP-2D3BIIR" failures="0" tests="5" name="KeywordPractice.InvocationCountWithThreadpoolSize" time="187.923" errors="0" timestamp="2022-05-12T16:19:19 IST" skipped="0">
  <testcase classname="KeywordPractice.InvocationCountWithThreadpoolSize" name="openbrowser" time="36.759"/>
  <system-out/>
  <testcase classname="KeywordPractice.InvocationCountWithThreadpoolSize" name="openbrowser" time="15.761"/>
  <system-out/>
  <testcase classname="KeywordPractice.InvocationCountWithThreadpoolSize" name="openbrowser" time="45.062"/>
  <system-out/>
  <testcase classname="KeywordPractice.InvocationCountWithThreadpoolSize" name="openbrowser" time="43.693"/>
  <system-out/>
  <testcase classname="KeywordPractice.InvocationCountWithThreadpoolSize" name="openbrowser" time="46.648"/>
  <system-out/>
</testsuite> <!-- KeywordPractice.InvocationCountWithThreadpoolSize -->
