<?xml version="1.0" encoding="UTF-8"?>
<!-- Generated by org.testng.reporters.JUnitReportReporter -->
<testsuite hostname="DESKTOP-2D3BIIR" failures="0" tests="3" name="KeywordPractice.EnabledFalseExample" time="0.009" errors="0" timestamp="2022-05-08T16:07:03 IST" skipped="1">
  <testcase classname="KeywordPractice.EnabledFalseExample" name="openhomepage" time="0.006"/>
  <system-out/>
  <testcase classname="KeywordPractice.EnabledFalseExample" name="opennotificationpage" time="0.003"/>
  <system-out/>
  <testcase classname="KeywordPractice.EnabledFalseExample" name="openvideopage">
    <skipped/>
  </testcase> <!-- openvideopage -->
  <system-out/>
</testsuite> <!-- KeywordPractice.EnabledFalseExample -->
