<?xml version="1.0" encoding="UTF-8"?>
<!-- Generated by org.testng.reporters.JUnitReportReporter -->
<testsuite hostname="DESKTOP-2D3BIIR" failures="0" tests="2" name="AnnotationBasics.Class1" time="0.007" errors="0" timestamp="2022-05-19T09:12:49 IST" skipped="0">
  <testcase classname="AnnotationBasics.Class1" name="m2" time="0.002"/>
  <system-out/>
  <testcase classname="AnnotationBasics.Class1" name="m1" time="0.005"/>
  <system-out/>
</testsuite> <!-- AnnotationBasics.Class1 -->
