<?xml version="1.0" encoding="UTF-8"?>
<!-- Generated by org.testng.reporters.JUnitReportReporter -->
<testsuite hostname="DESKTOP-2D3BIIR" failures="0" tests="2" name="GroupingPractice.Testcase2" time="0.002" errors="0" timestamp="2022-05-19T13:34:21 IST" skipped="0">
  <testcase classname="GroupingPractice.Testcase2" name="test4" time="0.001"/>
  <system-out/>
  <testcase classname="GroupingPractice.Testcase2" name="test6" time="0.001"/>
  <system-out/>
</testsuite> <!-- GroupingPractice.Testcase2 -->
